<?xml version="1.0" encoding="UTF-8"?>
<!-- Generated by org.testng.reporters.JUnitReportReporter -->
<testsuite hostname="LAPTOP-RMRN1P36" failures="0" tests="6" name="calculator.StringCalculatorShould" time="0.025" errors="0" timestamp="2021-10-17T10:52:18 IST" skipped="0">
  <testcase classname="calculator.StringCalculatorShould" name="multipleDelimiterReturnSum" time="0.003"/>
  <system-out/>
  <testcase classname="calculator.StringCalculatorShould" name="threeNumbersDelimitedBothWayReturnSum" time="0.002"/>
  <system-out/>
  <testcase classname="calculator.StringCalculatorShould" name="empty_string_should_return_0" time="0.011"/>
  <system-out/>
  <testcase classname="calculator.StringCalculatorShould" name="string_with_single_number_should_return_number_as_int" time="0.002"/>
  <system-out/>
  <testcase classname="calculator.StringCalculatorShould" name="twoNumbersCommaDelimitedReturnSum" time="0.002"/>
  <system-out/>
  <testcase classname="calculator.StringCalculatorShould" name="twoNumbersNewLineDelimitedReturnSum" time="0.005"/>
  <system-out/>
</testsuite> <!-- calculator.StringCalculatorShould -->
